{"/workspaces/riding-school/frontend/src/App.tsx": {"path":"/workspaces/riding-school/frontend/src/App.tsx","statementMap":{"0":{"start":{"line":5,"column":28},"end":{"line":5,"column":null}},"1":{"start":{"line":7,"column":2},"end":{"line":12,"column":null}},"2":{"start":{"line":8,"column":4},"end":{"line":11,"column":null}},"3":{"start":{"line":9,"column":21},"end":{"line":9,"column":31}},"4":{"start":{"line":10,"column":22},"end":{"line":10,"column":46}},"5":{"start":{"line":11,"column":19},"end":{"line":11,"column":60}},"6":{"start":{"line":14,"column":2},"end":{"line":40,"column":null}}},"fnMap":{"0":{"name":"App","decl":{"start":{"line":4,"column":9},"end":{"line":4,"column":15}},"loc":{"start":{"line":4,"column":15},"end":{"line":42,"column":null}},"line":4},"1":{"name":"(anonymous_1)","decl":{"start":{"line":7,"column":12},"end":{"line":7,"column":18}},"loc":{"start":{"line":7,"column":18},"end":{"line":12,"column":5}},"line":7},"2":{"name":"(anonymous_2)","decl":{"start":{"line":9,"column":12},"end":{"line":9,"column":13}},"loc":{"start":{"line":9,"column":21},"end":{"line":9,"column":31}},"line":9},"3":{"name":"(anonymous_3)","decl":{"start":{"line":10,"column":12},"end":{"line":10,"column":13}},"loc":{"start":{"line":10,"column":22},"end":{"line":10,"column":46}},"line":10},"4":{"name":"(anonymous_4)","decl":{"start":{"line":11,"column":13},"end":{"line":11,"column":19}},"loc":{"start":{"line":11,"column":19},"end":{"line":11,"column":60}},"line":11}},"branchMap":{},"s":{"0":2,"1":2,"2":2,"3":0,"4":0,"5":2,"6":2},"f":{"0":2,"1":2,"2":0,"3":0,"4":2},"b":{},"meta":{"lastBranch":0,"lastFunction":5,"lastStatement":7,"seen":{"f:4:9:4:15":0,"s:5:28:5:Infinity":0,"s:7:2:12:Infinity":1,"f:7:12:7:18":1,"s:8:4:11:Infinity":2,"f:9:12:9:13":2,"s:9:21:9:31":3,"f:10:12:10:13":3,"s:10:22:10:46":4,"f:11:13:11:19":4,"s:11:19:11:60":5,"s:14:2:40:Infinity":6}}}
,"/workspaces/riding-school/frontend/src/layouts/AuthLayout.tsx": {"path":"/workspaces/riding-school/frontend/src/layouts/AuthLayout.tsx","statementMap":{"0":{"start":{"line":11,"column":2},"end":{"line":45,"column":null}}},"fnMap":{"0":{"name":"AuthLayout","decl":{"start":{"line":10,"column":24},"end":{"line":10,"column":35}},"loc":{"start":{"line":10,"column":83},"end":{"line":47,"column":null}},"line":10}},"branchMap":{},"s":{"0":0},"f":{"0":0},"b":{},"meta":{"lastBranch":0,"lastFunction":1,"lastStatement":1,"seen":{"f:10:24:10:35":0,"s:11:2:45:Infinity":0}}}
,"/workspaces/riding-school/frontend/src/pages/CreateSchoolPage.tsx": {"path":"/workspaces/riding-school/frontend/src/pages/CreateSchoolPage.tsx","statementMap":{"0":{"start":{"line":7,"column":8},"end":{"line":7,"column":null}},"1":{"start":{"line":8,"column":34},"end":{"line":8,"column":null}},"2":{"start":{"line":9,"column":24},"end":{"line":9,"column":null}},"3":{"start":{"line":10,"column":28},"end":{"line":10,"column":null}},"4":{"start":{"line":12,"column":23},"end":{"line":33,"column":null}},"5":{"start":{"line":13,"column":4},"end":{"line":13,"column":null}},"6":{"start":{"line":14,"column":4},"end":{"line":14,"column":null}},"7":{"start":{"line":15,"column":4},"end":{"line":15,"column":null}},"8":{"start":{"line":16,"column":4},"end":{"line":32,"column":null}},"9":{"start":{"line":17,"column":20},"end":{"line":17,"column":null}},"10":{"start":{"line":18,"column":6},"end":{"line":21,"column":null}},"11":{"start":{"line":27,"column":6},"end":{"line":27,"column":null}},"12":{"start":{"line":29,"column":6},"end":{"line":29,"column":null}},"13":{"start":{"line":31,"column":6},"end":{"line":31,"column":null}},"14":{"start":{"line":35,"column":2},"end":{"line":75,"column":null}},"15":{"start":{"line":62,"column":31},"end":{"line":62,"column":null}}},"fnMap":{"0":{"name":"CreateSchoolPage","decl":{"start":{"line":6,"column":24},"end":{"line":6,"column":43}},"loc":{"start":{"line":6,"column":43},"end":{"line":77,"column":null}},"line":6},"1":{"name":"(anonymous_1)","decl":{"start":{"line":12,"column":23},"end":{"line":12,"column":30}},"loc":{"start":{"line":12,"column":53},"end":{"line":33,"column":null}},"line":12},"2":{"name":"(anonymous_2)","decl":{"start":{"line":62,"column":24},"end":{"line":62,"column":25}},"loc":{"start":{"line":62,"column":31},"end":{"line":62,"column":null}},"line":62}},"branchMap":{"0":{"loc":{"start":{"line":29,"column":15},"end":{"line":29,"column":70}},"type":"binary-expr","locations":[{"start":{"line":29,"column":15},"end":{"line":29,"column":45}},{"start":{"line":29,"column":45},"end":{"line":29,"column":70}}],"line":29},"1":{"loc":{"start":{"line":49,"column":11},"end":{"line":52,"column":null}},"type":"binary-expr","locations":[{"start":{"line":49,"column":11},"end":{"line":49,"column":null}},{"start":{"line":50,"column":12},"end":{"line":52,"column":null}}],"line":49},"2":{"loc":{"start":{"line":71,"column":13},"end":{"line":71,"column":null}},"type":"cond-expr","locations":[{"start":{"line":71,"column":23},"end":{"line":71,"column":46}},{"start":{"line":71,"column":46},"end":{"line":71,"column":null}}],"line":71}},"s":{"0":0,"1":0,"2":0,"3":0,"4":0,"5":0,"6":0,"7":0,"8":0,"9":0,"10":0,"11":0,"12":0,"13":0,"14":0,"15":0},"f":{"0":0,"1":0,"2":0},"b":{"0":[0,0],"1":[0,0],"2":[0,0]},"meta":{"lastBranch":3,"lastFunction":3,"lastStatement":16,"seen":{"f:6:24:6:43":0,"s:7:8:7:Infinity":0,"s:8:34:8:Infinity":1,"s:9:24:9:Infinity":2,"s:10:28:10:Infinity":3,"s:12:23:33:Infinity":4,"f:12:23:12:30":1,"s:13:4:13:Infinity":5,"s:14:4:14:Infinity":6,"s:15:4:15:Infinity":7,"s:16:4:32:Infinity":8,"s:17:20:17:Infinity":9,"s:18:6:21:Infinity":10,"s:27:6:27:Infinity":11,"s:29:6:29:Infinity":12,"b:29:15:29:45:29:45:29:70":0,"s:31:6:31:Infinity":13,"s:35:2:75:Infinity":14,"b:49:11:49:Infinity:50:12:52:Infinity":1,"f:62:24:62:25":2,"s:62:31:62:Infinity":15,"b:71:23:71:46:71:46:71:Infinity":2}}}
,"/workspaces/riding-school/frontend/src/pages/DashboardPage.tsx": {"path":"/workspaces/riding-school/frontend/src/pages/DashboardPage.tsx","statementMap":{"0":{"start":{"line":7,"column":8},"end":{"line":7,"column":null}},"1":{"start":{"line":8,"column":26},"end":{"line":8,"column":null}},"2":{"start":{"line":9,"column":34},"end":{"line":9,"column":null}},"3":{"start":{"line":10,"column":38},"end":{"line":10,"column":null}},"4":{"start":{"line":12,"column":2},"end":{"line":33,"column":null}},"5":{"start":{"line":13,"column":22},"end":{"line":31,"column":null}},"6":{"start":{"line":14,"column":6},"end":{"line":30,"column":null}},"7":{"start":{"line":15,"column":22},"end":{"line":15,"column":null}},"8":{"start":{"line":19,"column":24},"end":{"line":21,"column":null}},"9":{"start":{"line":22,"column":8},"end":{"line":24,"column":null}},"10":{"start":{"line":23,"column":10},"end":{"line":23,"column":null}},"11":{"start":{"line":26,"column":26},"end":{"line":28,"column":null}},"12":{"start":{"line":29,"column":8},"end":{"line":29,"column":null}},"13":{"start":{"line":32,"column":4},"end":{"line":32,"column":null}},"14":{"start":{"line":35,"column":25},"end":{"line":46,"column":null}},"15":{"start":{"line":36,"column":4},"end":{"line":36,"column":null}},"16":{"start":{"line":37,"column":4},"end":{"line":45,"column":null}},"17":{"start":{"line":38,"column":20},"end":{"line":38,"column":null}},"18":{"start":{"line":39,"column":18},"end":{"line":42,"column":null}},"19":{"start":{"line":43,"column":6},"end":{"line":43,"column":null}},"20":{"start":{"line":44,"column":6},"end":{"line":44,"column":null}},"21":{"start":{"line":48,"column":23},"end":{"line":51,"column":null}},"22":{"start":{"line":49,"column":4},"end":{"line":49,"column":null}},"23":{"start":{"line":50,"column":4},"end":{"line":50,"column":null}},"24":{"start":{"line":53,"column":2},"end":{"line":145,"column":null}},"25":{"start":{"line":119,"column":33},"end":{"line":119,"column":null}},"26":{"start":{"line":135,"column":18},"end":{"line":138,"column":null}}},"fnMap":{"0":{"name":"DashboardPage","decl":{"start":{"line":6,"column":24},"end":{"line":6,"column":40}},"loc":{"start":{"line":6,"column":40},"end":{"line":147,"column":null}},"line":6},"1":{"name":"(anonymous_1)","decl":{"start":{"line":12,"column":12},"end":{"line":12,"column":18}},"loc":{"start":{"line":12,"column":18},"end":{"line":33,"column":5}},"line":12},"2":{"name":"(anonymous_2)","decl":{"start":{"line":13,"column":22},"end":{"line":13,"column":34}},"loc":{"start":{"line":13,"column":34},"end":{"line":31,"column":null}},"line":13},"3":{"name":"(anonymous_3)","decl":{"start":{"line":35,"column":25},"end":{"line":35,"column":32}},"loc":{"start":{"line":35,"column":55},"end":{"line":46,"column":null}},"line":35},"4":{"name":"(anonymous_4)","decl":{"start":{"line":48,"column":23},"end":{"line":48,"column":29}},"loc":{"start":{"line":48,"column":29},"end":{"line":51,"column":null}},"line":48},"5":{"name":"(anonymous_5)","decl":{"start":{"line":119,"column":26},"end":{"line":119,"column":27}},"loc":{"start":{"line":119,"column":33},"end":{"line":119,"column":null}},"line":119},"6":{"name":"(anonymous_6)","decl":{"start":{"line":134,"column":28},"end":{"line":134,"column":null}},"loc":{"start":{"line":135,"column":18},"end":{"line":138,"column":null}},"line":135}},"branchMap":{"0":{"loc":{"start":{"line":22,"column":8},"end":{"line":24,"column":null}},"type":"if","locations":[{"start":{"line":22,"column":8},"end":{"line":24,"column":null}},{"start":{},"end":{}}],"line":22},"1":{"loc":{"start":{"line":130,"column":13},"end":{"line":140,"column":null}},"type":"cond-expr","locations":[{"start":{"line":131,"column":14},"end":{"line":131,"column":null}},{"start":{"line":133,"column":14},"end":{"line":140,"column":null}}],"line":130}},"s":{"0":0,"1":0,"2":0,"3":0,"4":0,"5":0,"6":0,"7":0,"8":0,"9":0,"10":0,"11":0,"12":0,"13":0,"14":0,"15":0,"16":0,"17":0,"18":0,"19":0,"20":0,"21":0,"22":0,"23":0,"24":0,"25":0,"26":0},"f":{"0":0,"1":0,"2":0,"3":0,"4":0,"5":0,"6":0},"b":{"0":[0,0],"1":[0,0]},"meta":{"lastBranch":2,"lastFunction":7,"lastStatement":27,"seen":{"f:6:24:6:40":0,"s:7:8:7:Infinity":0,"s:8:26:8:Infinity":1,"s:9:34:9:Infinity":2,"s:10:38:10:Infinity":3,"s:12:2:33:Infinity":4,"f:12:12:12:18":1,"s:13:22:31:Infinity":5,"f:13:22:13:34":2,"s:14:6:30:Infinity":6,"s:15:22:15:Infinity":7,"s:19:24:21:Infinity":8,"b:22:8:24:Infinity:undefined:undefined:undefined:undefined":0,"s:22:8:24:Infinity":9,"s:23:10:23:Infinity":10,"s:26:26:28:Infinity":11,"s:29:8:29:Infinity":12,"s:32:4:32:Infinity":13,"s:35:25:46:Infinity":14,"f:35:25:35:32":3,"s:36:4:36:Infinity":15,"s:37:4:45:Infinity":16,"s:38:20:38:Infinity":17,"s:39:18:42:Infinity":18,"s:43:6:43:Infinity":19,"s:44:6:44:Infinity":20,"s:48:23:51:Infinity":21,"f:48:23:48:29":4,"s:49:4:49:Infinity":22,"s:50:4:50:Infinity":23,"s:53:2:145:Infinity":24,"f:119:26:119:27":5,"s:119:33:119:Infinity":25,"b:131:14:131:Infinity:133:14:140:Infinity":1,"f:134:28:134:Infinity":6,"s:135:18:138:Infinity":26}}}
,"/workspaces/riding-school/frontend/src/pages/LandingPage.tsx": {"path":"/workspaces/riding-school/frontend/src/pages/LandingPage.tsx","statementMap":{"0":{"start":{"line":5,"column":2},"end":{"line":51,"column":null}}},"fnMap":{"0":{"name":"LandingPage","decl":{"start":{"line":4,"column":24},"end":{"line":4,"column":38}},"loc":{"start":{"line":4,"column":38},"end":{"line":53,"column":null}},"line":4}},"branchMap":{},"s":{"0":0},"f":{"0":0},"b":{},"meta":{"lastBranch":0,"lastFunction":1,"lastStatement":1,"seen":{"f:4:24:4:38":0,"s:5:2:51:Infinity":0}}}
,"/workspaces/riding-school/frontend/src/pages/LoginPage.tsx": {"path":"/workspaces/riding-school/frontend/src/pages/LoginPage.tsx","statementMap":{"0":{"start":{"line":7,"column":8},"end":{"line":7,"column":null}},"1":{"start":{"line":8,"column":30},"end":{"line":11,"column":null}},"2":{"start":{"line":12,"column":24},"end":{"line":12,"column":null}},"3":{"start":{"line":13,"column":28},"end":{"line":13,"column":null}},"4":{"start":{"line":15,"column":23},"end":{"line":33,"column":null}},"5":{"start":{"line":16,"column":4},"end":{"line":16,"column":null}},"6":{"start":{"line":17,"column":4},"end":{"line":17,"column":null}},"7":{"start":{"line":18,"column":4},"end":{"line":18,"column":null}},"8":{"start":{"line":19,"column":4},"end":{"line":32,"column":null}},"9":{"start":{"line":20,"column":24},"end":{"line":20,"column":null}},"10":{"start":{"line":21,"column":6},"end":{"line":21,"column":null}},"11":{"start":{"line":22,"column":6},"end":{"line":22,"column":null}},"12":{"start":{"line":24,"column":23},"end":{"line":24,"column":null}},"13":{"start":{"line":25,"column":6},"end":{"line":25,"column":null}},"14":{"start":{"line":27,"column":6},"end":{"line":27,"column":null}},"15":{"start":{"line":29,"column":6},"end":{"line":29,"column":null}},"16":{"start":{"line":31,"column":6},"end":{"line":31,"column":null}},"17":{"start":{"line":35,"column":2},"end":{"line":82,"column":null}},"18":{"start":{"line":53,"column":29},"end":{"line":53,"column":null}},"19":{"start":{"line":63,"column":29},"end":{"line":63,"column":null}}},"fnMap":{"0":{"name":"LoginPage","decl":{"start":{"line":6,"column":24},"end":{"line":6,"column":36}},"loc":{"start":{"line":6,"column":36},"end":{"line":84,"column":null}},"line":6},"1":{"name":"(anonymous_1)","decl":{"start":{"line":15,"column":23},"end":{"line":15,"column":30}},"loc":{"start":{"line":15,"column":53},"end":{"line":33,"column":null}},"line":15},"2":{"name":"(anonymous_2)","decl":{"start":{"line":53,"column":22},"end":{"line":53,"column":23}},"loc":{"start":{"line":53,"column":29},"end":{"line":53,"column":null}},"line":53},"3":{"name":"(anonymous_3)","decl":{"start":{"line":63,"column":22},"end":{"line":63,"column":23}},"loc":{"start":{"line":63,"column":29},"end":{"line":63,"column":null}},"line":63}},"branchMap":{"0":{"loc":{"start":{"line":29,"column":15},"end":{"line":29,"column":59}},"type":"binary-expr","locations":[{"start":{"line":29,"column":15},"end":{"line":29,"column":45}},{"start":{"line":29,"column":45},"end":{"line":29,"column":59}}],"line":29},"1":{"loc":{"start":{"line":41,"column":9},"end":{"line":44,"column":null}},"type":"binary-expr","locations":[{"start":{"line":41,"column":9},"end":{"line":41,"column":null}},{"start":{"line":42,"column":10},"end":{"line":44,"column":null}}],"line":41},"2":{"loc":{"start":{"line":72,"column":11},"end":{"line":72,"column":null}},"type":"cond-expr","locations":[{"start":{"line":72,"column":21},"end":{"line":72,"column":39}},{"start":{"line":72,"column":39},"end":{"line":72,"column":null}}],"line":72}},"s":{"0":0,"1":0,"2":0,"3":0,"4":0,"5":0,"6":0,"7":0,"8":0,"9":0,"10":0,"11":0,"12":0,"13":0,"14":0,"15":0,"16":0,"17":0,"18":0,"19":0},"f":{"0":0,"1":0,"2":0,"3":0},"b":{"0":[0,0],"1":[0,0],"2":[0,0]},"meta":{"lastBranch":3,"lastFunction":4,"lastStatement":20,"seen":{"f:6:24:6:36":0,"s:7:8:7:Infinity":0,"s:8:30:11:Infinity":1,"s:12:24:12:Infinity":2,"s:13:28:13:Infinity":3,"s:15:23:33:Infinity":4,"f:15:23:15:30":1,"s:16:4:16:Infinity":5,"s:17:4:17:Infinity":6,"s:18:4:18:Infinity":7,"s:19:4:32:Infinity":8,"s:20:24:20:Infinity":9,"s:21:6:21:Infinity":10,"s:22:6:22:Infinity":11,"s:24:23:24:Infinity":12,"s:25:6:25:Infinity":13,"s:27:6:27:Infinity":14,"s:29:6:29:Infinity":15,"b:29:15:29:45:29:45:29:59":0,"s:31:6:31:Infinity":16,"s:35:2:82:Infinity":17,"b:41:9:41:Infinity:42:10:44:Infinity":1,"f:53:22:53:23":2,"s:53:29:53:Infinity":18,"f:63:22:63:23":3,"s:63:29:63:Infinity":19,"b:72:21:72:39:72:39:72:Infinity":2}}}
,"/workspaces/riding-school/frontend/src/pages/RegisterPage.tsx": {"path":"/workspaces/riding-school/frontend/src/pages/RegisterPage.tsx","statementMap":{"0":{"start":{"line":7,"column":8},"end":{"line":7,"column":null}},"1":{"start":{"line":8,"column":30},"end":{"line":13,"column":null}},"2":{"start":{"line":14,"column":24},"end":{"line":14,"column":null}},"3":{"start":{"line":15,"column":28},"end":{"line":15,"column":null}},"4":{"start":{"line":17,"column":23},"end":{"line":43,"column":null}},"5":{"start":{"line":18,"column":4},"end":{"line":18,"column":null}},"6":{"start":{"line":19,"column":4},"end":{"line":19,"column":null}},"7":{"start":{"line":20,"column":4},"end":{"line":20,"column":null}},"8":{"start":{"line":21,"column":4},"end":{"line":42,"column":null}},"9":{"start":{"line":22,"column":23},"end":{"line":27,"column":null}},"10":{"start":{"line":30,"column":24},"end":{"line":30,"column":null}},"11":{"start":{"line":31,"column":6},"end":{"line":31,"column":null}},"12":{"start":{"line":32,"column":6},"end":{"line":32,"column":null}},"13":{"start":{"line":34,"column":23},"end":{"line":34,"column":null}},"14":{"start":{"line":35,"column":6},"end":{"line":35,"column":null}},"15":{"start":{"line":37,"column":6},"end":{"line":37,"column":null}},"16":{"start":{"line":39,"column":6},"end":{"line":39,"column":null}},"17":{"start":{"line":41,"column":6},"end":{"line":41,"column":null}},"18":{"start":{"line":45,"column":2},"end":{"line":114,"column":null}},"19":{"start":{"line":64,"column":31},"end":{"line":64,"column":null}},"20":{"start":{"line":74,"column":31},"end":{"line":74,"column":null}},"21":{"start":{"line":85,"column":29},"end":{"line":85,"column":null}},"22":{"start":{"line":95,"column":29},"end":{"line":95,"column":null}}},"fnMap":{"0":{"name":"RegisterPage","decl":{"start":{"line":6,"column":24},"end":{"line":6,"column":39}},"loc":{"start":{"line":6,"column":39},"end":{"line":116,"column":null}},"line":6},"1":{"name":"(anonymous_1)","decl":{"start":{"line":17,"column":23},"end":{"line":17,"column":30}},"loc":{"start":{"line":17,"column":53},"end":{"line":43,"column":null}},"line":17},"2":{"name":"(anonymous_2)","decl":{"start":{"line":64,"column":24},"end":{"line":64,"column":25}},"loc":{"start":{"line":64,"column":31},"end":{"line":64,"column":null}},"line":64},"3":{"name":"(anonymous_3)","decl":{"start":{"line":74,"column":24},"end":{"line":74,"column":25}},"loc":{"start":{"line":74,"column":31},"end":{"line":74,"column":null}},"line":74},"4":{"name":"(anonymous_4)","decl":{"start":{"line":85,"column":22},"end":{"line":85,"column":23}},"loc":{"start":{"line":85,"column":29},"end":{"line":85,"column":null}},"line":85},"5":{"name":"(anonymous_5)","decl":{"start":{"line":95,"column":22},"end":{"line":95,"column":23}},"loc":{"start":{"line":95,"column":29},"end":{"line":95,"column":null}},"line":95}},"branchMap":{"0":{"loc":{"start":{"line":39,"column":15},"end":{"line":39,"column":66}},"type":"binary-expr","locations":[{"start":{"line":39,"column":15},"end":{"line":39,"column":45}},{"start":{"line":39,"column":45},"end":{"line":39,"column":66}}],"line":39},"1":{"loc":{"start":{"line":51,"column":9},"end":{"line":54,"column":null}},"type":"binary-expr","locations":[{"start":{"line":51,"column":9},"end":{"line":51,"column":null}},{"start":{"line":52,"column":10},"end":{"line":54,"column":null}}],"line":51},"2":{"loc":{"start":{"line":104,"column":11},"end":{"line":104,"column":null}},"type":"cond-expr","locations":[{"start":{"line":104,"column":21},"end":{"line":104,"column":45}},{"start":{"line":104,"column":45},"end":{"line":104,"column":null}}],"line":104}},"s":{"0":0,"1":0,"2":0,"3":0,"4":0,"5":0,"6":0,"7":0,"8":0,"9":0,"10":0,"11":0,"12":0,"13":0,"14":0,"15":0,"16":0,"17":0,"18":0,"19":0,"20":0,"21":0,"22":0},"f":{"0":0,"1":0,"2":0,"3":0,"4":0,"5":0},"b":{"0":[0,0],"1":[0,0],"2":[0,0]},"meta":{"lastBranch":3,"lastFunction":6,"lastStatement":23,"seen":{"f:6:24:6:39":0,"s:7:8:7:Infinity":0,"s:8:30:13:Infinity":1,"s:14:24:14:Infinity":2,"s:15:28:15:Infinity":3,"s:17:23:43:Infinity":4,"f:17:23:17:30":1,"s:18:4:18:Infinity":5,"s:19:4:19:Infinity":6,"s:20:4:20:Infinity":7,"s:21:4:42:Infinity":8,"s:22:23:27:Infinity":9,"s:30:24:30:Infinity":10,"s:31:6:31:Infinity":11,"s:32:6:32:Infinity":12,"s:34:23:34:Infinity":13,"s:35:6:35:Infinity":14,"s:37:6:37:Infinity":15,"s:39:6:39:Infinity":16,"b:39:15:39:45:39:45:39:66":0,"s:41:6:41:Infinity":17,"s:45:2:114:Infinity":18,"b:51:9:51:Infinity:52:10:54:Infinity":1,"f:64:24:64:25":2,"s:64:31:64:Infinity":19,"f:74:24:74:25":3,"s:74:31:74:Infinity":20,"f:85:22:85:23":4,"s:85:29:85:Infinity":21,"f:95:22:95:23":5,"s:95:29:95:Infinity":22,"b:104:21:104:45:104:45:104:Infinity":2}}}
}
